<?xml version="1.0" encoding="UTF-8"?>
<testsuites name="jest tests" tests="1" failures="0" errors="0" time="1.05">
  <testsuite name="src/App.test.js" errors="0" failures="0" skipped="0" timestamp="2025-01-28T14:43:50" time="0.572" tests="1">
    <testcase classname="-renders learn Jenkins link" name="-renders learn Jenkins link" time="0.035">
    </testcase>
  </testsuite>
</testsuites>